2025-07-12 14:10:55,899 - app.main - INFO - Starting Weaver Backend...
2025-07-12 14:11:00,106 - app.main - INFO - Shutting down Weaver Backend...
2025-07-12 14:11:00,469 - app.main - INFO - Starting Weaver Backend...
2025-07-12 14:12:59,433 - app.core.state_tracker - INFO - Generation initialized: 6784c8eb-7868-4ba9-a664-7bbf4e362bfb
2025-07-12 14:12:59,433 - app.core.websocket_manager - INFO - Task initialized: 6784c8eb-7868-4ba9-a664-7bbf4e362bfb
2025-07-12 14:12:59,434 - app.core.state_tracker - INFO - Generation status updated: 6784c8eb-7868-4ba9-a664-7bbf4e362bfb -> planning
2025-07-12 14:16:28,600 - app.core.state_tracker - INFO - Generation status updated: 6784c8eb-7868-4ba9-a664-7bbf4e362bfb -> failed
2025-07-12 14:16:28,600 - app.routers.generate - ERROR - Generation failed for task 6784c8eb-7868-4ba9-a664-7bbf4e362bfb: Generation stalled
2025-07-12 14:16:28,600 - app.core.state_tracker - INFO - Generation status updated: 6784c8eb-7868-4ba9-a664-7bbf4e362bfb -> failed
2025-07-12 14:20:15,277 - app.main - INFO - Shutting down Weaver Backend...
2025-07-12 14:20:15,688 - app.main - INFO - Starting Weaver Backend...
2025-07-12 14:21:24,761 - app.main - INFO - Shutting down Weaver Backend...
2025-07-12 14:21:25,164 - app.main - INFO - Starting Weaver Backend...
2025-07-12 14:22:20,968 - app.core.state_tracker - INFO - Generation initialized: 57696f8b-8b6b-4523-b791-da1e439f3abc
2025-07-12 14:22:20,968 - app.core.websocket_manager - INFO - Task initialized: 57696f8b-8b6b-4523-b791-da1e439f3abc
2025-07-12 14:22:20,968 - app.core.state_tracker - INFO - Generation status updated: 57696f8b-8b6b-4523-b791-da1e439f3abc -> planning
2025-07-12 14:26:41,423 - app.core.state_tracker - INFO - Generation status updated: 57696f8b-8b6b-4523-b791-da1e439f3abc -> failed
2025-07-12 14:26:41,423 - app.routers.generate - ERROR - Generation failed for task 57696f8b-8b6b-4523-b791-da1e439f3abc: Generation stalled
2025-07-12 14:26:41,423 - app.core.state_tracker - INFO - Generation status updated: 57696f8b-8b6b-4523-b791-da1e439f3abc -> failed
2025-07-12 15:04:58,402 - app.core.state_tracker - INFO - Generation initialized: e76b5be2-6e45-438e-a75c-ff50ddd208cb
2025-07-12 15:04:58,411 - app.core.websocket_manager - INFO - Task initialized: e76b5be2-6e45-438e-a75c-ff50ddd208cb
2025-07-12 15:04:58,431 - app.core.state_tracker - INFO - Generation status updated: e76b5be2-6e45-438e-a75c-ff50ddd208cb -> planning
